Created by PLY version 3.11 (http://www.dabeaz.com/ply)

Grammar

Rule 0     S' -> expression
Rule 1     expression -> CANVAS expression expression
Rule 2     expression -> NUMBER
Rule 3     expression -> WRD
Rule 4     expression -> LINE expression expression expression expression
Rule 5     expression -> CIRCLE expression expression expression
Rule 6     expression -> OVAL expression expression expression expression
Rule 7     expression -> RECT expression expression expression expression
Rule 8     expression -> TEXT expression expression expression
Rule 9     expression -> IMG expression expression expression expression

Terminals, with rules where they appear

CANVAS               : 1
CIRCLE               : 5
IMG                  : 9
LINE                 : 4
NUMBER               : 2
OVAL                 : 6
RECT                 : 7
TEXT                 : 8
WRD                  : 3
error                : 

Nonterminals, with rules where they appear

expression           : 1 1 4 4 4 4 5 5 5 6 6 6 6 7 7 7 7 8 8 8 9 9 9 9 0

Parsing method: LALR

state 0

    (0) S' -> . expression
    (1) expression -> . CANVAS expression expression
    (2) expression -> . NUMBER
    (3) expression -> . WRD
    (4) expression -> . LINE expression expression expression expression
    (5) expression -> . CIRCLE expression expression expression
    (6) expression -> . OVAL expression expression expression expression
    (7) expression -> . RECT expression expression expression expression
    (8) expression -> . TEXT expression expression expression
    (9) expression -> . IMG expression expression expression expression

    CANVAS          shift and go to state 2
    NUMBER          shift and go to state 3
    WRD             shift and go to state 4
    LINE            shift and go to state 5
    CIRCLE          shift and go to state 6
    OVAL            shift and go to state 7
    RECT            shift and go to state 8
    TEXT            shift and go to state 9
    IMG             shift and go to state 10

    expression                     shift and go to state 1

state 1

    (0) S' -> expression .



state 2

    (1) expression -> CANVAS . expression expression
    (1) expression -> . CANVAS expression expression
    (2) expression -> . NUMBER
    (3) expression -> . WRD
    (4) expression -> . LINE expression expression expression expression
    (5) expression -> . CIRCLE expression expression expression
    (6) expression -> . OVAL expression expression expression expression
    (7) expression -> . RECT expression expression expression expression
    (8) expression -> . TEXT expression expression expression
    (9) expression -> . IMG expression expression expression expression

    CANVAS          shift and go to state 2
    NUMBER          shift and go to state 3
    WRD             shift and go to state 4
    LINE            shift and go to state 5
    CIRCLE          shift and go to state 6
    OVAL            shift and go to state 7
    RECT            shift and go to state 8
    TEXT            shift and go to state 9
    IMG             shift and go to state 10

    expression                     shift and go to state 11

state 3

    (2) expression -> NUMBER .

    $end            reduce using rule 2 (expression -> NUMBER .)
    CANVAS          reduce using rule 2 (expression -> NUMBER .)
    NUMBER          reduce using rule 2 (expression -> NUMBER .)
    WRD             reduce using rule 2 (expression -> NUMBER .)
    LINE            reduce using rule 2 (expression -> NUMBER .)
    CIRCLE          reduce using rule 2 (expression -> NUMBER .)
    OVAL            reduce using rule 2 (expression -> NUMBER .)
    RECT            reduce using rule 2 (expression -> NUMBER .)
    TEXT            reduce using rule 2 (expression -> NUMBER .)
    IMG             reduce using rule 2 (expression -> NUMBER .)


state 4

    (3) expression -> WRD .

    $end            reduce using rule 3 (expression -> WRD .)
    CANVAS          reduce using rule 3 (expression -> WRD .)
    NUMBER          reduce using rule 3 (expression -> WRD .)
    WRD             reduce using rule 3 (expression -> WRD .)
    LINE            reduce using rule 3 (expression -> WRD .)
    CIRCLE          reduce using rule 3 (expression -> WRD .)
    OVAL            reduce using rule 3 (expression -> WRD .)
    RECT            reduce using rule 3 (expression -> WRD .)
    TEXT            reduce using rule 3 (expression -> WRD .)
    IMG             reduce using rule 3 (expression -> WRD .)


state 5

    (4) expression -> LINE . expression expression expression expression
    (1) expression -> . CANVAS expression expression
    (2) expression -> . NUMBER
    (3) expression -> . WRD
    (4) expression -> . LINE expression expression expression expression
    (5) expression -> . CIRCLE expression expression expression
    (6) expression -> . OVAL expression expression expression expression
    (7) expression -> . RECT expression expression expression expression
    (8) expression -> . TEXT expression expression expression
    (9) expression -> . IMG expression expression expression expression

    CANVAS          shift and go to state 2
    NUMBER          shift and go to state 3
    WRD             shift and go to state 4
    LINE            shift and go to state 5
    CIRCLE          shift and go to state 6
    OVAL            shift and go to state 7
    RECT            shift and go to state 8
    TEXT            shift and go to state 9
    IMG             shift and go to state 10

    expression                     shift and go to state 12

state 6

    (5) expression -> CIRCLE . expression expression expression
    (1) expression -> . CANVAS expression expression
    (2) expression -> . NUMBER
    (3) expression -> . WRD
    (4) expression -> . LINE expression expression expression expression
    (5) expression -> . CIRCLE expression expression expression
    (6) expression -> . OVAL expression expression expression expression
    (7) expression -> . RECT expression expression expression expression
    (8) expression -> . TEXT expression expression expression
    (9) expression -> . IMG expression expression expression expression

    CANVAS          shift and go to state 2
    NUMBER          shift and go to state 3
    WRD             shift and go to state 4
    LINE            shift and go to state 5
    CIRCLE          shift and go to state 6
    OVAL            shift and go to state 7
    RECT            shift and go to state 8
    TEXT            shift and go to state 9
    IMG             shift and go to state 10

    expression                     shift and go to state 13

state 7

    (6) expression -> OVAL . expression expression expression expression
    (1) expression -> . CANVAS expression expression
    (2) expression -> . NUMBER
    (3) expression -> . WRD
    (4) expression -> . LINE expression expression expression expression
    (5) expression -> . CIRCLE expression expression expression
    (6) expression -> . OVAL expression expression expression expression
    (7) expression -> . RECT expression expression expression expression
    (8) expression -> . TEXT expression expression expression
    (9) expression -> . IMG expression expression expression expression

    CANVAS          shift and go to state 2
    NUMBER          shift and go to state 3
    WRD             shift and go to state 4
    LINE            shift and go to state 5
    CIRCLE          shift and go to state 6
    OVAL            shift and go to state 7
    RECT            shift and go to state 8
    TEXT            shift and go to state 9
    IMG             shift and go to state 10

    expression                     shift and go to state 14

state 8

    (7) expression -> RECT . expression expression expression expression
    (1) expression -> . CANVAS expression expression
    (2) expression -> . NUMBER
    (3) expression -> . WRD
    (4) expression -> . LINE expression expression expression expression
    (5) expression -> . CIRCLE expression expression expression
    (6) expression -> . OVAL expression expression expression expression
    (7) expression -> . RECT expression expression expression expression
    (8) expression -> . TEXT expression expression expression
    (9) expression -> . IMG expression expression expression expression

    CANVAS          shift and go to state 2
    NUMBER          shift and go to state 3
    WRD             shift and go to state 4
    LINE            shift and go to state 5
    CIRCLE          shift and go to state 6
    OVAL            shift and go to state 7
    RECT            shift and go to state 8
    TEXT            shift and go to state 9
    IMG             shift and go to state 10

    expression                     shift and go to state 15

state 9

    (8) expression -> TEXT . expression expression expression
    (1) expression -> . CANVAS expression expression
    (2) expression -> . NUMBER
    (3) expression -> . WRD
    (4) expression -> . LINE expression expression expression expression
    (5) expression -> . CIRCLE expression expression expression
    (6) expression -> . OVAL expression expression expression expression
    (7) expression -> . RECT expression expression expression expression
    (8) expression -> . TEXT expression expression expression
    (9) expression -> . IMG expression expression expression expression

    CANVAS          shift and go to state 2
    NUMBER          shift and go to state 3
    WRD             shift and go to state 4
    LINE            shift and go to state 5
    CIRCLE          shift and go to state 6
    OVAL            shift and go to state 7
    RECT            shift and go to state 8
    TEXT            shift and go to state 9
    IMG             shift and go to state 10

    expression                     shift and go to state 16

state 10

    (9) expression -> IMG . expression expression expression expression
    (1) expression -> . CANVAS expression expression
    (2) expression -> . NUMBER
    (3) expression -> . WRD
    (4) expression -> . LINE expression expression expression expression
    (5) expression -> . CIRCLE expression expression expression
    (6) expression -> . OVAL expression expression expression expression
    (7) expression -> . RECT expression expression expression expression
    (8) expression -> . TEXT expression expression expression
    (9) expression -> . IMG expression expression expression expression

    CANVAS          shift and go to state 2
    NUMBER          shift and go to state 3
    WRD             shift and go to state 4
    LINE            shift and go to state 5
    CIRCLE          shift and go to state 6
    OVAL            shift and go to state 7
    RECT            shift and go to state 8
    TEXT            shift and go to state 9
    IMG             shift and go to state 10

    expression                     shift and go to state 17

state 11

    (1) expression -> CANVAS expression . expression
    (1) expression -> . CANVAS expression expression
    (2) expression -> . NUMBER
    (3) expression -> . WRD
    (4) expression -> . LINE expression expression expression expression
    (5) expression -> . CIRCLE expression expression expression
    (6) expression -> . OVAL expression expression expression expression
    (7) expression -> . RECT expression expression expression expression
    (8) expression -> . TEXT expression expression expression
    (9) expression -> . IMG expression expression expression expression

    CANVAS          shift and go to state 2
    NUMBER          shift and go to state 3
    WRD             shift and go to state 4
    LINE            shift and go to state 5
    CIRCLE          shift and go to state 6
    OVAL            shift and go to state 7
    RECT            shift and go to state 8
    TEXT            shift and go to state 9
    IMG             shift and go to state 10

    expression                     shift and go to state 18

state 12

    (4) expression -> LINE expression . expression expression expression
    (1) expression -> . CANVAS expression expression
    (2) expression -> . NUMBER
    (3) expression -> . WRD
    (4) expression -> . LINE expression expression expression expression
    (5) expression -> . CIRCLE expression expression expression
    (6) expression -> . OVAL expression expression expression expression
    (7) expression -> . RECT expression expression expression expression
    (8) expression -> . TEXT expression expression expression
    (9) expression -> . IMG expression expression expression expression

    CANVAS          shift and go to state 2
    NUMBER          shift and go to state 3
    WRD             shift and go to state 4
    LINE            shift and go to state 5
    CIRCLE          shift and go to state 6
    OVAL            shift and go to state 7
    RECT            shift and go to state 8
    TEXT            shift and go to state 9
    IMG             shift and go to state 10

    expression                     shift and go to state 19

state 13

    (5) expression -> CIRCLE expression . expression expression
    (1) expression -> . CANVAS expression expression
    (2) expression -> . NUMBER
    (3) expression -> . WRD
    (4) expression -> . LINE expression expression expression expression
    (5) expression -> . CIRCLE expression expression expression
    (6) expression -> . OVAL expression expression expression expression
    (7) expression -> . RECT expression expression expression expression
    (8) expression -> . TEXT expression expression expression
    (9) expression -> . IMG expression expression expression expression

    CANVAS          shift and go to state 2
    NUMBER          shift and go to state 3
    WRD             shift and go to state 4
    LINE            shift and go to state 5
    CIRCLE          shift and go to state 6
    OVAL            shift and go to state 7
    RECT            shift and go to state 8
    TEXT            shift and go to state 9
    IMG             shift and go to state 10

    expression                     shift and go to state 20

state 14

    (6) expression -> OVAL expression . expression expression expression
    (1) expression -> . CANVAS expression expression
    (2) expression -> . NUMBER
    (3) expression -> . WRD
    (4) expression -> . LINE expression expression expression expression
    (5) expression -> . CIRCLE expression expression expression
    (6) expression -> . OVAL expression expression expression expression
    (7) expression -> . RECT expression expression expression expression
    (8) expression -> . TEXT expression expression expression
    (9) expression -> . IMG expression expression expression expression

    CANVAS          shift and go to state 2
    NUMBER          shift and go to state 3
    WRD             shift and go to state 4
    LINE            shift and go to state 5
    CIRCLE          shift and go to state 6
    OVAL            shift and go to state 7
    RECT            shift and go to state 8
    TEXT            shift and go to state 9
    IMG             shift and go to state 10

    expression                     shift and go to state 21

state 15

    (7) expression -> RECT expression . expression expression expression
    (1) expression -> . CANVAS expression expression
    (2) expression -> . NUMBER
    (3) expression -> . WRD
    (4) expression -> . LINE expression expression expression expression
    (5) expression -> . CIRCLE expression expression expression
    (6) expression -> . OVAL expression expression expression expression
    (7) expression -> . RECT expression expression expression expression
    (8) expression -> . TEXT expression expression expression
    (9) expression -> . IMG expression expression expression expression

    CANVAS          shift and go to state 2
    NUMBER          shift and go to state 3
    WRD             shift and go to state 4
    LINE            shift and go to state 5
    CIRCLE          shift and go to state 6
    OVAL            shift and go to state 7
    RECT            shift and go to state 8
    TEXT            shift and go to state 9
    IMG             shift and go to state 10

    expression                     shift and go to state 22

state 16

    (8) expression -> TEXT expression . expression expression
    (1) expression -> . CANVAS expression expression
    (2) expression -> . NUMBER
    (3) expression -> . WRD
    (4) expression -> . LINE expression expression expression expression
    (5) expression -> . CIRCLE expression expression expression
    (6) expression -> . OVAL expression expression expression expression
    (7) expression -> . RECT expression expression expression expression
    (8) expression -> . TEXT expression expression expression
    (9) expression -> . IMG expression expression expression expression

    CANVAS          shift and go to state 2
    NUMBER          shift and go to state 3
    WRD             shift and go to state 4
    LINE            shift and go to state 5
    CIRCLE          shift and go to state 6
    OVAL            shift and go to state 7
    RECT            shift and go to state 8
    TEXT            shift and go to state 9
    IMG             shift and go to state 10

    expression                     shift and go to state 23

state 17

    (9) expression -> IMG expression . expression expression expression
    (1) expression -> . CANVAS expression expression
    (2) expression -> . NUMBER
    (3) expression -> . WRD
    (4) expression -> . LINE expression expression expression expression
    (5) expression -> . CIRCLE expression expression expression
    (6) expression -> . OVAL expression expression expression expression
    (7) expression -> . RECT expression expression expression expression
    (8) expression -> . TEXT expression expression expression
    (9) expression -> . IMG expression expression expression expression

    CANVAS          shift and go to state 2
    NUMBER          shift and go to state 3
    WRD             shift and go to state 4
    LINE            shift and go to state 5
    CIRCLE          shift and go to state 6
    OVAL            shift and go to state 7
    RECT            shift and go to state 8
    TEXT            shift and go to state 9
    IMG             shift and go to state 10

    expression                     shift and go to state 24

state 18

    (1) expression -> CANVAS expression expression .

    $end            reduce using rule 1 (expression -> CANVAS expression expression .)
    CANVAS          reduce using rule 1 (expression -> CANVAS expression expression .)
    NUMBER          reduce using rule 1 (expression -> CANVAS expression expression .)
    WRD             reduce using rule 1 (expression -> CANVAS expression expression .)
    LINE            reduce using rule 1 (expression -> CANVAS expression expression .)
    CIRCLE          reduce using rule 1 (expression -> CANVAS expression expression .)
    OVAL            reduce using rule 1 (expression -> CANVAS expression expression .)
    RECT            reduce using rule 1 (expression -> CANVAS expression expression .)
    TEXT            reduce using rule 1 (expression -> CANVAS expression expression .)
    IMG             reduce using rule 1 (expression -> CANVAS expression expression .)


state 19

    (4) expression -> LINE expression expression . expression expression
    (1) expression -> . CANVAS expression expression
    (2) expression -> . NUMBER
    (3) expression -> . WRD
    (4) expression -> . LINE expression expression expression expression
    (5) expression -> . CIRCLE expression expression expression
    (6) expression -> . OVAL expression expression expression expression
    (7) expression -> . RECT expression expression expression expression
    (8) expression -> . TEXT expression expression expression
    (9) expression -> . IMG expression expression expression expression

    CANVAS          shift and go to state 2
    NUMBER          shift and go to state 3
    WRD             shift and go to state 4
    LINE            shift and go to state 5
    CIRCLE          shift and go to state 6
    OVAL            shift and go to state 7
    RECT            shift and go to state 8
    TEXT            shift and go to state 9
    IMG             shift and go to state 10

    expression                     shift and go to state 25

state 20

    (5) expression -> CIRCLE expression expression . expression
    (1) expression -> . CANVAS expression expression
    (2) expression -> . NUMBER
    (3) expression -> . WRD
    (4) expression -> . LINE expression expression expression expression
    (5) expression -> . CIRCLE expression expression expression
    (6) expression -> . OVAL expression expression expression expression
    (7) expression -> . RECT expression expression expression expression
    (8) expression -> . TEXT expression expression expression
    (9) expression -> . IMG expression expression expression expression

    CANVAS          shift and go to state 2
    NUMBER          shift and go to state 3
    WRD             shift and go to state 4
    LINE            shift and go to state 5
    CIRCLE          shift and go to state 6
    OVAL            shift and go to state 7
    RECT            shift and go to state 8
    TEXT            shift and go to state 9
    IMG             shift and go to state 10

    expression                     shift and go to state 26

state 21

    (6) expression -> OVAL expression expression . expression expression
    (1) expression -> . CANVAS expression expression
    (2) expression -> . NUMBER
    (3) expression -> . WRD
    (4) expression -> . LINE expression expression expression expression
    (5) expression -> . CIRCLE expression expression expression
    (6) expression -> . OVAL expression expression expression expression
    (7) expression -> . RECT expression expression expression expression
    (8) expression -> . TEXT expression expression expression
    (9) expression -> . IMG expression expression expression expression

    CANVAS          shift and go to state 2
    NUMBER          shift and go to state 3
    WRD             shift and go to state 4
    LINE            shift and go to state 5
    CIRCLE          shift and go to state 6
    OVAL            shift and go to state 7
    RECT            shift and go to state 8
    TEXT            shift and go to state 9
    IMG             shift and go to state 10

    expression                     shift and go to state 27

state 22

    (7) expression -> RECT expression expression . expression expression
    (1) expression -> . CANVAS expression expression
    (2) expression -> . NUMBER
    (3) expression -> . WRD
    (4) expression -> . LINE expression expression expression expression
    (5) expression -> . CIRCLE expression expression expression
    (6) expression -> . OVAL expression expression expression expression
    (7) expression -> . RECT expression expression expression expression
    (8) expression -> . TEXT expression expression expression
    (9) expression -> . IMG expression expression expression expression

    CANVAS          shift and go to state 2
    NUMBER          shift and go to state 3
    WRD             shift and go to state 4
    LINE            shift and go to state 5
    CIRCLE          shift and go to state 6
    OVAL            shift and go to state 7
    RECT            shift and go to state 8
    TEXT            shift and go to state 9
    IMG             shift and go to state 10

    expression                     shift and go to state 28

state 23

    (8) expression -> TEXT expression expression . expression
    (1) expression -> . CANVAS expression expression
    (2) expression -> . NUMBER
    (3) expression -> . WRD
    (4) expression -> . LINE expression expression expression expression
    (5) expression -> . CIRCLE expression expression expression
    (6) expression -> . OVAL expression expression expression expression
    (7) expression -> . RECT expression expression expression expression
    (8) expression -> . TEXT expression expression expression
    (9) expression -> . IMG expression expression expression expression

    CANVAS          shift and go to state 2
    NUMBER          shift and go to state 3
    WRD             shift and go to state 4
    LINE            shift and go to state 5
    CIRCLE          shift and go to state 6
    OVAL            shift and go to state 7
    RECT            shift and go to state 8
    TEXT            shift and go to state 9
    IMG             shift and go to state 10

    expression                     shift and go to state 29

state 24

    (9) expression -> IMG expression expression . expression expression
    (1) expression -> . CANVAS expression expression
    (2) expression -> . NUMBER
    (3) expression -> . WRD
    (4) expression -> . LINE expression expression expression expression
    (5) expression -> . CIRCLE expression expression expression
    (6) expression -> . OVAL expression expression expression expression
    (7) expression -> . RECT expression expression expression expression
    (8) expression -> . TEXT expression expression expression
    (9) expression -> . IMG expression expression expression expression

    CANVAS          shift and go to state 2
    NUMBER          shift and go to state 3
    WRD             shift and go to state 4
    LINE            shift and go to state 5
    CIRCLE          shift and go to state 6
    OVAL            shift and go to state 7
    RECT            shift and go to state 8
    TEXT            shift and go to state 9
    IMG             shift and go to state 10

    expression                     shift and go to state 30

state 25

    (4) expression -> LINE expression expression expression . expression
    (1) expression -> . CANVAS expression expression
    (2) expression -> . NUMBER
    (3) expression -> . WRD
    (4) expression -> . LINE expression expression expression expression
    (5) expression -> . CIRCLE expression expression expression
    (6) expression -> . OVAL expression expression expression expression
    (7) expression -> . RECT expression expression expression expression
    (8) expression -> . TEXT expression expression expression
    (9) expression -> . IMG expression expression expression expression

    CANVAS          shift and go to state 2
    NUMBER          shift and go to state 3
    WRD             shift and go to state 4
    LINE            shift and go to state 5
    CIRCLE          shift and go to state 6
    OVAL            shift and go to state 7
    RECT            shift and go to state 8
    TEXT            shift and go to state 9
    IMG             shift and go to state 10

    expression                     shift and go to state 31

state 26

    (5) expression -> CIRCLE expression expression expression .

    $end            reduce using rule 5 (expression -> CIRCLE expression expression expression .)
    CANVAS          reduce using rule 5 (expression -> CIRCLE expression expression expression .)
    NUMBER          reduce using rule 5 (expression -> CIRCLE expression expression expression .)
    WRD             reduce using rule 5 (expression -> CIRCLE expression expression expression .)
    LINE            reduce using rule 5 (expression -> CIRCLE expression expression expression .)
    CIRCLE          reduce using rule 5 (expression -> CIRCLE expression expression expression .)
    OVAL            reduce using rule 5 (expression -> CIRCLE expression expression expression .)
    RECT            reduce using rule 5 (expression -> CIRCLE expression expression expression .)
    TEXT            reduce using rule 5 (expression -> CIRCLE expression expression expression .)
    IMG             reduce using rule 5 (expression -> CIRCLE expression expression expression .)


state 27

    (6) expression -> OVAL expression expression expression . expression
    (1) expression -> . CANVAS expression expression
    (2) expression -> . NUMBER
    (3) expression -> . WRD
    (4) expression -> . LINE expression expression expression expression
    (5) expression -> . CIRCLE expression expression expression
    (6) expression -> . OVAL expression expression expression expression
    (7) expression -> . RECT expression expression expression expression
    (8) expression -> . TEXT expression expression expression
    (9) expression -> . IMG expression expression expression expression

    CANVAS          shift and go to state 2
    NUMBER          shift and go to state 3
    WRD             shift and go to state 4
    LINE            shift and go to state 5
    CIRCLE          shift and go to state 6
    OVAL            shift and go to state 7
    RECT            shift and go to state 8
    TEXT            shift and go to state 9
    IMG             shift and go to state 10

    expression                     shift and go to state 32

state 28

    (7) expression -> RECT expression expression expression . expression
    (1) expression -> . CANVAS expression expression
    (2) expression -> . NUMBER
    (3) expression -> . WRD
    (4) expression -> . LINE expression expression expression expression
    (5) expression -> . CIRCLE expression expression expression
    (6) expression -> . OVAL expression expression expression expression
    (7) expression -> . RECT expression expression expression expression
    (8) expression -> . TEXT expression expression expression
    (9) expression -> . IMG expression expression expression expression

    CANVAS          shift and go to state 2
    NUMBER          shift and go to state 3
    WRD             shift and go to state 4
    LINE            shift and go to state 5
    CIRCLE          shift and go to state 6
    OVAL            shift and go to state 7
    RECT            shift and go to state 8
    TEXT            shift and go to state 9
    IMG             shift and go to state 10

    expression                     shift and go to state 33

state 29

    (8) expression -> TEXT expression expression expression .

    $end            reduce using rule 8 (expression -> TEXT expression expression expression .)
    CANVAS          reduce using rule 8 (expression -> TEXT expression expression expression .)
    NUMBER          reduce using rule 8 (expression -> TEXT expression expression expression .)
    WRD             reduce using rule 8 (expression -> TEXT expression expression expression .)
    LINE            reduce using rule 8 (expression -> TEXT expression expression expression .)
    CIRCLE          reduce using rule 8 (expression -> TEXT expression expression expression .)
    OVAL            reduce using rule 8 (expression -> TEXT expression expression expression .)
    RECT            reduce using rule 8 (expression -> TEXT expression expression expression .)
    TEXT            reduce using rule 8 (expression -> TEXT expression expression expression .)
    IMG             reduce using rule 8 (expression -> TEXT expression expression expression .)


state 30

    (9) expression -> IMG expression expression expression . expression
    (1) expression -> . CANVAS expression expression
    (2) expression -> . NUMBER
    (3) expression -> . WRD
    (4) expression -> . LINE expression expression expression expression
    (5) expression -> . CIRCLE expression expression expression
    (6) expression -> . OVAL expression expression expression expression
    (7) expression -> . RECT expression expression expression expression
    (8) expression -> . TEXT expression expression expression
    (9) expression -> . IMG expression expression expression expression

    CANVAS          shift and go to state 2
    NUMBER          shift and go to state 3
    WRD             shift and go to state 4
    LINE            shift and go to state 5
    CIRCLE          shift and go to state 6
    OVAL            shift and go to state 7
    RECT            shift and go to state 8
    TEXT            shift and go to state 9
    IMG             shift and go to state 10

    expression                     shift and go to state 34

state 31

    (4) expression -> LINE expression expression expression expression .

    $end            reduce using rule 4 (expression -> LINE expression expression expression expression .)
    CANVAS          reduce using rule 4 (expression -> LINE expression expression expression expression .)
    NUMBER          reduce using rule 4 (expression -> LINE expression expression expression expression .)
    WRD             reduce using rule 4 (expression -> LINE expression expression expression expression .)
    LINE            reduce using rule 4 (expression -> LINE expression expression expression expression .)
    CIRCLE          reduce using rule 4 (expression -> LINE expression expression expression expression .)
    OVAL            reduce using rule 4 (expression -> LINE expression expression expression expression .)
    RECT            reduce using rule 4 (expression -> LINE expression expression expression expression .)
    TEXT            reduce using rule 4 (expression -> LINE expression expression expression expression .)
    IMG             reduce using rule 4 (expression -> LINE expression expression expression expression .)


state 32

    (6) expression -> OVAL expression expression expression expression .

    $end            reduce using rule 6 (expression -> OVAL expression expression expression expression .)
    CANVAS          reduce using rule 6 (expression -> OVAL expression expression expression expression .)
    NUMBER          reduce using rule 6 (expression -> OVAL expression expression expression expression .)
    WRD             reduce using rule 6 (expression -> OVAL expression expression expression expression .)
    LINE            reduce using rule 6 (expression -> OVAL expression expression expression expression .)
    CIRCLE          reduce using rule 6 (expression -> OVAL expression expression expression expression .)
    OVAL            reduce using rule 6 (expression -> OVAL expression expression expression expression .)
    RECT            reduce using rule 6 (expression -> OVAL expression expression expression expression .)
    TEXT            reduce using rule 6 (expression -> OVAL expression expression expression expression .)
    IMG             reduce using rule 6 (expression -> OVAL expression expression expression expression .)


state 33

    (7) expression -> RECT expression expression expression expression .

    $end            reduce using rule 7 (expression -> RECT expression expression expression expression .)
    CANVAS          reduce using rule 7 (expression -> RECT expression expression expression expression .)
    NUMBER          reduce using rule 7 (expression -> RECT expression expression expression expression .)
    WRD             reduce using rule 7 (expression -> RECT expression expression expression expression .)
    LINE            reduce using rule 7 (expression -> RECT expression expression expression expression .)
    CIRCLE          reduce using rule 7 (expression -> RECT expression expression expression expression .)
    OVAL            reduce using rule 7 (expression -> RECT expression expression expression expression .)
    RECT            reduce using rule 7 (expression -> RECT expression expression expression expression .)
    TEXT            reduce using rule 7 (expression -> RECT expression expression expression expression .)
    IMG             reduce using rule 7 (expression -> RECT expression expression expression expression .)


state 34

    (9) expression -> IMG expression expression expression expression .

    $end            reduce using rule 9 (expression -> IMG expression expression expression expression .)
    CANVAS          reduce using rule 9 (expression -> IMG expression expression expression expression .)
    NUMBER          reduce using rule 9 (expression -> IMG expression expression expression expression .)
    WRD             reduce using rule 9 (expression -> IMG expression expression expression expression .)
    LINE            reduce using rule 9 (expression -> IMG expression expression expression expression .)
    CIRCLE          reduce using rule 9 (expression -> IMG expression expression expression expression .)
    OVAL            reduce using rule 9 (expression -> IMG expression expression expression expression .)
    RECT            reduce using rule 9 (expression -> IMG expression expression expression expression .)
    TEXT            reduce using rule 9 (expression -> IMG expression expression expression expression .)
    IMG             reduce using rule 9 (expression -> IMG expression expression expression expression .)

